/favicon.ico - Filtypen støttes ikke
/favicon.ico - Filtypen støttes ikke
/favicon.ico - Filtypen støttes ikke
/favicon.ico - Filtypen støttes ikke
/favicon.ico - Filtypen støttes ikke
getcwd() error: No such file or directory
/favicon.ico - Filtypen støttes ikke
getcwd() error: No such file or directory
/favicon.ico - Filtypen støttes ikke
getcwd() error: No such file or directory
/favicon.ico - Filtypen støttes ikke
/hei.test - Filtypen støttes ikke
/favicon.ico - Filtypen støttes ikke
getcwd() error: No such file or directory
/favicon.ico - Filtypen støttes ikke
/favicon.ico - Filtypen støttes ikke
/favicon.ico - Filtypen støttes ikke
/favicon.ico - Filtypen støttes ikke
/favicon.ico - Filtypen støttes ikke
/favicon.ico - Filtypen støttes ikke
/favicon.ico - Filtypen støttes ikke
No file type-ending
: Success
getcwd() error: No such file or directory
/favicon.ico - Filtypen støttes ikke
munmap_chunk(): invalid pointer
getcwd() error: No such file or directory
/favicon.ico - Filtypen støttes ikke
getcwd() error: No such file or directory
/favicon.ico - Filtypen støttes ikke
getcwd() error: No such file or directory
/favicon.ico - Filtypen støttes ikke
/favicon.ico - Filtypen støttes ikke
/favicon.ico - Filtypen støttes ikke
getcwd() error: No such file or directory
/favicon.ico - Filtypen støttes ikke
getcwd() error: No such file or directory
/favicon.ico - Filtypen støttes ikke
getcwd() error: No such file or directory
/favicon.ico - Filtypen støttes ikke
/hei.test - Filtypen støttes ikke
/favicon.ico - Filtypen støttes ikke
/favicon.ico - Filtypen støttes ikke
/favicon.ico - Filtypen støttes ikke
/favicon.ico - Filtypen støttes ikke
/favicon.ico - Filtypen støttes ikke
getcwd() error: No such file or directory
/favicon.ico - Filtypen støttes ikke
getcwd() error: No such file or directory
/favicon.ico - Filtypen støttes ikke
/favicon.ico - Filtypen støttes ikke
/favicon.ico - Filtypen støttes ikke
/favicon.ico - Filtypen støttes ikke
/favicon.ico - Filtypen støttes ikke
/favicon.ico - Filtypen støttes ikke
/favicon.ico - Filtypen støttes ikke
/favicon.ico - Filtypen støttes ikke
/favicon.ico - Filtypen støttes ikke
/favicon.ico - Filtypen støttes ikke
/favicon.ico - Filtypen støttes ikke
/favicon.ico - Filtypen støttes ikke
/favicon.ico - Filtypen støttes ikke
/favicon.ico - Filtypen støttes ikke
/favicon.ico - Filtypen støttes ikke
/favicon.ico - Filtypen støttes ikke
/favicon.ico - Filtypen støttes ikke
/favicon.ico - Filtypen støttes ikke
/favicon.ico - Filtypen støttes ikke
/favicon.ico - Filtypen støttes ikke
/favicon.ico - Filtypen støttes ikke
getcwd() error: No such file or directory
/favicon.ico - Filtypen støttes ikke
getcwd() error: No such file or directory
/favicon.ico - Filtypen støttes ikke
getcwd() error: No such file or directory
/favicon.ico - Filtypen støttes ikke
getcwd() error: No such file or directory
/favicon.ico - Filtypen støttes ikke
getcwd() error: No such file or directory
/favicon.ico - Filtypen støttes ikke
getcwd() error: No such file or directory
/favicon.ico - Filtypen støttes ikke
getcwd() error: No such file or directory
/favicon.ico - Filtypen støttes ikke
getcwd() error: No such file or directory
/favicon.ico - Filtypen støttes ikke
/he. - Filtypen støttes ikke
/favicon.ico - Filtypen støttes ikke
/favicon.ico - Filtypen støttes ikke
